\BOOKMARK [1][-]{section.1}{Introduction}{}% 1
\BOOKMARK [1][-]{section.2}{Jet Dynamics}{}% 2
\BOOKMARK [2][-]{subsection.2.1}{Shell Distribution}{section.2}% 3
\BOOKMARK [2][-]{subsection.2.2}{Emission Output Parameters}{section.2}% 4
\BOOKMARK [3][-]{subsubsection.2.2.1}{Thermal Shell Dynamics and Emission}{subsection.2.2}% 5
\BOOKMARK [3][-]{subsubsection.2.2.2}{Internal Shock Shell Dynamics and Emission}{subsection.2.2}% 6
\BOOKMARK [1][-]{section.3}{Spectrum Generation}{}% 7
\BOOKMARK [2][-]{subsection.3.1}{Thermal Spectrum}{section.3}% 8
\BOOKMARK [2][-]{subsection.3.2}{Synchrotron Spectrum}{section.3}% 9
\BOOKMARK [1][-]{section.4}{Light Curve Generation}{}% 10
\BOOKMARK [1][-]{appendix.A}{Shell Collision Time and Radius}{}% 11
\BOOKMARK [2][-]{subsection.A.1}{Typical Values}{appendix.A}% 12
\BOOKMARK [1][-]{appendix.B}{Derivations of Gamma_r and Gamma_int}{}% 13
\BOOKMARK [2][-]{subsection.B.1}{Two Shells of Similar Mass}{appendix.B}% 14
\BOOKMARK [2][-]{subsection.B.2}{External Shock Considerations}{appendix.B}% 15
\BOOKMARK [1][-]{appendix.C}{Derivation of the Minimum Electron Lorentz Factor, Gamma_e}{}% 16
\BOOKMARK [1][-]{appendix.D}{Derivation of nu_m and nu_c}{}% 17
\BOOKMARK [1][-]{appendix.E}{Simulation Time Considerations}{}% 18
\BOOKMARK [2][-]{subsection.E.1}{Using observations to help constrain the parameter space}{appendix.E}% 19
\BOOKMARK [2][-]{subsection.E.2}{Creating a library}{appendix.E}% 20
\BOOKMARK [1][-]{appendix.F}{Custom Classes/Libraries}{}% 21
\BOOKMARK [1][-]{appendix.G}{Packages Used}{}% 22
